Performing C SOURCE FILE Test CMAKE_HAVE_LIBC_PTHREAD failed with the following output:
Change Dir: /home/mh/catkin_ws/src/ros_aruco/cmake-build-debug/CMakeFiles/CMakeTmp

Run Build Command(s):/usr/bin/make cmTC_17e87/fast && /usr/bin/make -f CMakeFiles/cmTC_17e87.dir/build.make CMakeFiles/cmTC_17e87.dir/build
make[1]: Entering directory '/home/mh/catkin_ws/src/ros_aruco/cmake-build-debug/CMakeFiles/CMakeTmp'
Building C object CMakeFiles/cmTC_17e87.dir/src.c.o
/usr/bin/cc   -DCMAKE_HAVE_LIBC_PTHREAD   -o CMakeFiles/cmTC_17e87.dir/src.c.o   -c /home/mh/catkin_ws/src/ros_aruco/cmake-build-debug/CMakeFiles/CMakeTmp/src.c
Linking C executable cmTC_17e87
/home/mh/clion-2019.2.4/bin/cmake/linux/bin/cmake -E cmake_link_script CMakeFiles/cmTC_17e87.dir/link.txt --verbose=1
/usr/bin/cc  -DCMAKE_HAVE_LIBC_PTHREAD    -rdynamic CMakeFiles/cmTC_17e87.dir/src.c.o  -o cmTC_17e87 
CMakeFiles/cmTC_17e87.dir/src.c.o: In function `main':
src.c:(.text+0x3c): undefined reference to `pthread_create'
src.c:(.text+0x48): undefined reference to `pthread_detach'
src.c:(.text+0x59): undefined reference to `pthread_join'
src.c:(.text+0x6d): undefined reference to `pthread_atfork'
collect2: error: ld returned 1 exit status
CMakeFiles/cmTC_17e87.dir/build.make:86: recipe for target 'cmTC_17e87' failed
make[1]: *** [cmTC_17e87] Error 1
make[1]: Leaving directory '/home/mh/catkin_ws/src/ros_aruco/cmake-build-debug/CMakeFiles/CMakeTmp'
Makefile:121: recipe for target 'cmTC_17e87/fast' failed
make: *** [cmTC_17e87/fast] Error 2


Source file was:
#include <pthread.h>

void* test_func(void* data)
{
  return data;
}

int main(void)
{
  pthread_t thread;
  pthread_create(&thread, NULL, test_func, NULL);
  pthread_detach(thread);
  pthread_join(thread, NULL);
  pthread_atfork(NULL, NULL, NULL);
  pthread_exit(NULL);

  return 0;
}

Determining if the function pthread_create exists in the pthreads failed with the following output:
Change Dir: /home/mh/catkin_ws/src/ros_aruco/cmake-build-debug/CMakeFiles/CMakeTmp

Run Build Command(s):/usr/bin/make cmTC_ba350/fast && /usr/bin/make -f CMakeFiles/cmTC_ba350.dir/build.make CMakeFiles/cmTC_ba350.dir/build
make[1]: Entering directory '/home/mh/catkin_ws/src/ros_aruco/cmake-build-debug/CMakeFiles/CMakeTmp'
Building C object CMakeFiles/cmTC_ba350.dir/CheckFunctionExists.c.o
/usr/bin/cc   -DCHECK_FUNCTION_EXISTS=pthread_create   -o CMakeFiles/cmTC_ba350.dir/CheckFunctionExists.c.o   -c /home/mh/clion-2019.2.4/bin/cmake/linux/share/cmake-3.15/Modules/CheckFunctionExists.c
Linking C executable cmTC_ba350
/home/mh/clion-2019.2.4/bin/cmake/linux/bin/cmake -E cmake_link_script CMakeFiles/cmTC_ba350.dir/link.txt --verbose=1
/usr/bin/cc  -DCHECK_FUNCTION_EXISTS=pthread_create    -rdynamic CMakeFiles/cmTC_ba350.dir/CheckFunctionExists.c.o  -o cmTC_ba350 -lpthreads 
/usr/bin/ld: cannot find -lpthreads
collect2: error: ld returned 1 exit status
CMakeFiles/cmTC_ba350.dir/build.make:86: recipe for target 'cmTC_ba350' failed
make[1]: *** [cmTC_ba350] Error 1
make[1]: Leaving directory '/home/mh/catkin_ws/src/ros_aruco/cmake-build-debug/CMakeFiles/CMakeTmp'
Makefile:121: recipe for target 'cmTC_ba350/fast' failed
make: *** [cmTC_ba350/fast] Error 2



